Log file open, 12/16/22 22:25:03
LogPlatformFile: Not using cached read wrapper
LogICUInternationalization: ICU TimeZone Detection - Raw Offset: -8:00, Platform Override: ''
LogInit: Build: ++UE5+Release-5.0-CL-20979098
LogInit: Engine Version: 5.0.3-20979098+++UE5+Release-5.0
LogInit: Compatible Engine Version: 5.0.0-19505902+++UE5+Release-5.0
LogInit: Net CL: 19505902
LogInit: OS: Ubuntu 22.04.1 LTS (5.15.0-56-generic), CPU: AMD Ryzen 5 5600U with Radeon Graphics         , GPU: GenericGPUBrand
LogInit: Compiled (64-bit): Jul  7 2022 02:53:08
LogInit: Compiled with Clang: 13.0.1 
LogInit: Build Configuration: Shipping
LogInit: Branch Name: ++UE5+Release-5.0
LogInit: Command Line:  -Abslog="/home/andrew/Documents/Unreal Projects/CrossyRoad6/Saved/Logs/CrossyRoad-CRC.log" "/home/andrew/Documents/Unreal Projects/CrossyRoad6/Saved/Crashes/crashinfo-CrossyRoad-pid-144371-F96D4A9DAB7A4F5DA579C69FCB4AA67E/"
LogInit: Base Directory: /home/andrew/Documents/programs/Linux_Unreal_Engine_5.0.3/Engine/Binaries/Linux/
LogInit: Allocator: Mimalloc
LogInit: Installed Engine Build: 1
LogInit: Presizing for max 100000 objects, including 0 objects not considered by GC, pre-allocating 0 bytes for permanent pool.
LogInit: Object subsystem initialized
LogConfig: Applying CVar settings from Section [ConsoleVariables] File [Engine]
[2022.12.17-06.25.03:227][  0]LogInit: Unix hardware info:
[2022.12.17-06.25.03:227][  0]LogInit:  - we are the first instance of this executable
[2022.12.17-06.25.03:227][  0]LogInit:  - this process' id (pid) is 144663, parent process' id (ppid) is 144371
[2022.12.17-06.25.03:227][  0]LogInit:  - we are not running under debugger
[2022.12.17-06.25.03:227][  0]LogInit:  - machine network name is 'Labtaup-Peci'
[2022.12.17-06.25.03:227][  0]LogInit:  - user name is 'andrew' (andrew)
[2022.12.17-06.25.03:227][  0]LogInit:  - we're logged in locally
[2022.12.17-06.25.03:227][  0]LogInit:  - we're running with rendering
[2022.12.17-06.25.03:227][  0]LogInit:  - CPU: AuthenticAMD 'AMD Ryzen 5 5600U with Radeon Graphics         ' (signature: 0xA50F00)
[2022.12.17-06.25.03:227][  0]LogInit:  - Number of physical cores available for the process: 6
[2022.12.17-06.25.03:227][  0]LogInit:  - Number of logical cores available for the process: 12
[2022.12.17-06.25.03:227][  0]LogInit:  - Cache line size: 64
[2022.12.17-06.25.03:227][  0]LogInit:  - GPU Info. Card0 PCI-id: 0x1002-0x1638
[2022.12.17-06.25.03:227][  0]LogInit:  - Memory allocator used: Mimalloc
[2022.12.17-06.25.03:227][  0]LogInit:  - This binary is optimized with LTO: no, PGO: no, instrumented for PGO data collection: no
[2022.12.17-06.25.03:227][  0]LogInit:  - This is an internal build.
[2022.12.17-06.25.03:227][  0]LogCore: Skipped benchmarking clocks because the engine is running in a standalone program mode - CLOCK_MONOTONIC will be used.
[2022.12.17-06.25.03:227][  0]LogInit: Unix-specific commandline switches:
[2022.12.17-06.25.03:227][  0]LogInit:  -ansimalloc - use malloc()/free() from libc (useful for tools like valgrind and electric fence)
[2022.12.17-06.25.03:227][  0]LogInit:  -jemalloc - use jemalloc for all memory allocation
[2022.12.17-06.25.03:227][  0]LogInit:  -binnedmalloc - use binned malloc  for all memory allocation
[2022.12.17-06.25.03:227][  0]LogInit:  -filemapcachesize=NUMBER - set the size for case-sensitive file mapping cache
[2022.12.17-06.25.03:227][  0]LogInit:  -useksm - uses kernel same-page mapping (KSM) for mapped memory (OFF)
[2022.12.17-06.25.03:227][  0]LogInit:  -ksmmergeall - marks all mmap'd memory pages suitable for KSM (OFF)
[2022.12.17-06.25.03:227][  0]LogInit:  -preloadmodulesymbols - Loads the main module symbols file into memory (OFF)
[2022.12.17-06.25.03:227][  0]LogInit:  -sigdfl=SIGNAL - Allows a specific signal to be set to its default handler rather then ignoring the signal
[2022.12.17-06.25.03:227][  0]LogInit:  -crashhandlerstacksize - Allows setting crash handler stack sizes (204800)
[2022.12.17-06.25.03:227][  0]LogInit:  -noexclusivelockonwrite - disables marking files created by the engine as exclusive locked while the engine has them opened
[2022.12.17-06.25.03:227][  0]LogInit:  -httpproxy=ADDRESS:PORT - redirects HTTP requests to a proxy (only supported if compiled with libcurl)
[2022.12.17-06.25.03:227][  0]LogInit:  -reuseconn - allow libcurl to reuse HTTP connections (only matters if compiled with libcurl)
[2022.12.17-06.25.03:227][  0]LogInit:  -virtmemkb=NUMBER - sets process virtual memory (address space) limit (overrides VirtualMemoryLimitInKB value from .ini)
[2022.12.17-06.25.03:227][  0]LogInit:  - Physical RAM available (not considering process quota): 14 GB (13833 MB, 14165716 KB, 14505693184 bytes)
[2022.12.17-06.25.03:227][  0]LogInit:  - VirtualMemoryAllocator pools will grow at scale 1.4
[2022.12.17-06.25.03:227][  0]LogInit:  - MemoryRangeDecommit() will be a no-op (re-run with -vmapoolevict to change)
[2022.12.17-06.25.03:230][  0]LogUObjectArray: 388 objects as part of root set at end of initial load.
[2022.12.17-06.25.03:230][  0]LogUObjectAllocator: 79480 out of 0 bytes used by permanent object pool.
[2022.12.17-06.25.03:230][  0]LogUObjectArray: CloseDisregardForGC: 0/0 objects in disregard for GC pool
[2022.12.17-06.25.03:230][  0]LogInit: Using OS detected language (en-US).
[2022.12.17-06.25.03:230][  0]LogInit: Using OS detected locale (en-US).
[2022.12.17-06.25.03:230][  0]LogTextLocalizationManager: No specific localization for 'en-US' exists, so 'en' will be used for the language.
[2022.12.17-06.25.03:243][  0]LogInit: Using OS detected language (en-US).
[2022.12.17-06.25.03:243][  0]LogInit: Using OS detected locale (en-US).
[2022.12.17-06.25.03:243][  0]LogTextLocalizationManager: No localization for 'en-US' exists, so 'en' will be used for the language.
[2022.12.17-06.25.03:243][  0]LogTextLocalizationManager: No localization for 'en-US' exists, so 'en' will be used for the locale.
[2022.12.17-06.25.03:243][  0]LogPackageLocalizationCache: Processed 2 localized package path(s) for 1 prioritized culture(s) in 0.000026 seconds
[2022.12.17-06.25.03:243][  0]CrashReportCoreLog: CrashReportClientVersion=1.0
[2022.12.17-06.25.03:243][  0]CrashReportCoreLog: CrashReportReceiver disabled
[2022.12.17-06.25.03:243][  0]CrashReportCoreLog: DataRouterUrl: https://datarouter.ol.epicgames.com/datarouter/api/v1/public/data
[2022.12.17-06.25.03:256][  0]LogInit: Using libcurl 7.65.3-DEV
[2022.12.17-06.25.03:256][  0]LogInit:  - built for x86_64-unknown-linux-gnu
[2022.12.17-06.25.03:256][  0]LogInit:  - supports SSL with OpenSSL/1.1.1c
[2022.12.17-06.25.03:256][  0]LogInit:  - supports HTTP deflate (compression) using libz 1.2.8
[2022.12.17-06.25.03:256][  0]LogInit:  - other features:
[2022.12.17-06.25.03:256][  0]LogInit:      CURL_VERSION_SSL
[2022.12.17-06.25.03:256][  0]LogInit:      CURL_VERSION_LIBZ
[2022.12.17-06.25.03:256][  0]LogInit:      CURL_VERSION_IPV6
[2022.12.17-06.25.03:256][  0]LogInit:      CURL_VERSION_ASYNCHDNS
[2022.12.17-06.25.03:256][  0]LogInit:      CURL_VERSION_LARGEFILE
[2022.12.17-06.25.03:256][  0]LogInit:      CURL_VERSION_TLSAUTH_SRP
[2022.12.17-06.25.03:256][  0]LogInit:  CurlRequestOptions (configurable via config and command line):
[2022.12.17-06.25.03:256][  0]LogInit:  - bVerifyPeer = false  - Libcurl will NOT verify peer certificate
[2022.12.17-06.25.03:256][  0]LogInit:  - bUseHttpProxy = false  - Libcurl will NOT use HTTP proxy
[2022.12.17-06.25.03:256][  0]LogInit:  - bDontReuseConnections = false  - Libcurl will reuse connections
[2022.12.17-06.25.03:256][  0]LogInit:  - MaxHostConnections = 16  - Libcurl will limit the number of connections to a host
[2022.12.17-06.25.03:256][  0]LogInit:  - LocalHostAddr = Default
[2022.12.17-06.25.03:256][  0]LogInit:  - BufferSize = 65536
[2022.12.17-06.25.03:256][  0]LogAnalytics: Display: [CrashReporter.Release] APIServer = https://datarouter.ol.epicgames.com/. AppVersion = ++UE5+Release-5.0-CL-20979098
[2022.12.17-06.25.03:257][  0]LogInit: Initializing SDL.
[2022.12.17-06.25.03:310][  0]LogInit: Initialized SDL 2.0.20 revision:  (compiled against 2.0.20)
[2022.12.17-06.25.03:310][  0]LogInit: Using SDL video driver 'x11'
[2022.12.17-06.25.03:315][  0]LogSlate: New Slate User Created.  User Index 0, Is Virtual User: 0
[2022.12.17-06.25.03:315][  0]LogSlate: Slate User Registered.  User Index 0, Is Virtual User: 0
[2022.12.17-06.25.03:315][  0]LogSlate: Using FreeType 2.10.0
[2022.12.17-06.25.03:316][  0]LogSlate: SlateFontServices - WITH_FREETYPE: 1, WITH_HARFBUZZ: 1
[2022.12.17-06.25.03:316][  0]LogInit: Using SDL_WINDOW_OPENGL
[2022.12.17-06.25.03:317][  0]LogInit: FSlateOpenGLContext::Initialize - creating OpenGL 2.1 context
[2022.12.17-06.25.03:372][  0]CrashReportCoreLog: Initial state = Unknown UploadState value
[2022.12.17-06.25.03:372][  0]CrashReportCoreLog: Initial state = Unknown UploadState value
[2022.12.17-06.25.03:383][  0]LogInit: FSlateOpenGLContext::Initialize - creating OpenGL 2.1 context
[2022.12.17-06.25.03:385][  0]LogSlate: Took 0.000039 seconds to synchronously load lazily loaded font '../../../Engine/Content/Slate/Fonts/Roboto-Regular.ttf' (155K)
[2022.12.17-06.25.03:386][  0]LogSlate: Took 0.000034 seconds to synchronously load lazily loaded font '../../../Engine/Content/Slate/Fonts/Roboto-Bold.ttf' (160K)
[2022.12.17-06.25.03:387][  0]LogSlate: Took 0.000030 seconds to synchronously load lazily loaded font '../../../Engine/Content/Slate/Fonts/Roboto-Italic.ttf' (157K)
[2022.12.17-06.25.11:824][  0]LogSlate: Request Window 'UE5-CrossyRoad Crash Reporter' being destroyed
[2022.12.17-06.25.11:824][  0]LogSlate: Window 'UE5-CrossyRoad Crash Reporter' being destroyed
[2022.12.17-06.25.11:826][  0]LogCore: Engine exit requested (reason: OnRequestExit)
[2022.12.17-06.25.11:827][  0]CrashReportCoreLog: Final state (Receiver) = Ready
[2022.12.17-06.25.11:827][  0]CrashReportCoreLog: Final state (Receiver) = Unknown UploadState value
[2022.12.17-06.25.11:830][  0]LogSlate: Slate User Destroyed.  User Index 0, Is Virtual User: 0
[2022.12.17-06.25.11:830][  0]LogCore: Engine exit requested (reason: CrashReportClientApp RequestExit; note: exit was already requested)
[2022.12.17-06.25.11:830][  0]LogExit: Preparing to exit.
[2022.12.17-06.25.11:830][  0]LogExit: Object subsystem successfully closed.
[2022.12.17-06.25.11:832][  0]LogModuleManager: Shutting down and abandoning module ImageWrapper (16)
[2022.12.17-06.25.11:832][  0]LogModuleManager: Shutting down and abandoning module InputCore (14)
[2022.12.17-06.25.11:832][  0]LogModuleManager: Shutting down and abandoning module AnalyticsET (12)
[2022.12.17-06.25.11:832][  0]LogModuleManager: Shutting down and abandoning module HTTP (11)
[2022.12.17-06.25.11:832][  0]LogHttp: Warning: Http module shutting down, but needs to wait on 1 outstanding Http requests:
[2022.12.17-06.25.11:832][  0]LogHttp: Warning: 	verb=[POST] url=[https://datarouter.ol.epicgames.com/datarouter/api/v1/public/data?SessionID=%7BFCBB4556-DD01-4C21-83DC-999F94BB8327%7D&AppID=CrashReporter.Release&AppVersion=%2B%2BUE5%2BRelease-5.0-CL-20979098&UserID=e053af025326426b87fc6cf718e713ce-000003e8%7C%7Ce053af025326426b87fc6cf718e713ce&AppEnvironment=datacollector-binary&UploadType=eteventstream] refs=[1] status=Processing
[2022.12.17-06.25.11:832][  0]LogHttp: Warning: Cleaning up 1 outstanding Http requests.
[2022.12.17-06.25.11:832][  0]LogHttp: Warning: Sleeping 0.500s to wait for 1 outstanding Http requests.
[2022.12.17-06.25.12:363][  0]LogModuleManager: Shutting down and abandoning module SSL (10)
[2022.12.17-06.25.12:364][  0]LogModuleManager: Shutting down and abandoning module CoreUObject (6)
[2022.12.17-06.25.12:364][  0]LogModuleManager: Shutting down and abandoning module PakFile (4)
[2022.12.17-06.25.12:364][  0]LogModuleManager: Shutting down and abandoning module RSA (3)
[2022.12.17-06.25.12:364][  0]LogExit: Exiting.
[2022.12.17-06.25.12:364][  0]LogInit: Tearing down SDL.
[2022.12.17-06.25.12:374][  0]Log file closed, 12/16/22 22:25:12
